<?xml version="1.0" encoding="UTF-8"?>
<!-- Generated by org.testng.reporters.JUnitXMLReporter -->
<testsuite ignored="2" hostname="R50000199" failures="2" tests="3" name="Features Test" time="18.797" errors="0" timestamp="2023-08-21T18:42:50 BDT">
  <testcase classname="org.reddotdigital.singleapp.tests.Test_LoginPage" name="LoginTest" time="17.684"/>
  <testcase classname="org.reddotdigital.singleapp.tests.Test_EasyPlan" name="EasyPlanTest" time="0.018">
    <failure type="org.openqa.selenium.WebDriverException" message="java.lang.NullPointerException
Build info: version: &amp;apos;4.11.0&amp;apos;, revision: &amp;apos;040bc5406b&amp;apos;
System info: os.name: &amp;apos;Windows 11&amp;apos;, os.arch: &amp;apos;amd64&amp;apos;, os.version: &amp;apos;10.0&amp;apos;, java.version: &amp;apos;11.0.15&amp;apos;
Driver info: driver.version: unknown">
      <![CDATA[org.openqa.selenium.WebDriverException: java.lang.NullPointerException
Build info: version: '4.11.0', revision: '040bc5406b'
System info: os.name: 'Windows 11', os.arch: 'amd64', os.version: '10.0', java.version: '11.0.15'
Driver info: driver.version: unknown
at io.appium.java_client.pagefactory.AppiumElementLocator$WaitingFunction.apply(AppiumElementLocator.java:191)
at io.appium.java_client.pagefactory.AppiumElementLocator$WaitingFunction.apply(AppiumElementLocator.java:164)
at org.openqa.selenium.support.ui.FluentWait.until(FluentWait.java:205)
at io.appium.java_client.pagefactory.AppiumElementLocator.waitFor(AppiumElementLocator.java:98)
at io.appium.java_client.pagefactory.AppiumElementLocator.findElement(AppiumElementLocator.java:118)
at io.appium.java_client.pagefactory.interceptors.InterceptorOfASingleElement.call(InterceptorOfASingleElement.java:54)
at io.appium.java_client.proxy.Interceptor.intercept(Interceptor.java:75)
at org.openqa.selenium.remote.RemoteWebElement$ByteBuddy$waOYr8n7.click(Unknown Source)
at org.reddotdigital.singleapp.pageObjects.android.QuickLinksPage.expandViewMoreQuickLinks(QuickLinksPage.java:31)
at org.reddotdigital.singleapp.tests.Test_EasyPlan.EasyPlanTest(Test_EasyPlan.java:20)
at java.base/java.util.ArrayList.forEach(ArrayList.java:1541)
Caused by: java.lang.NullPointerException
at io.appium.java_client.pagefactory.AppiumElementLocator.lambda$findElement$0(AppiumElementLocator.java:119)
at io.appium.java_client.pagefactory.AppiumElementLocator$WaitingFunction.apply(AppiumElementLocator.java:171)
... 37 more
... Removed 27 stack frames]]>
    </failure>
  </testcase> <!-- EasyPlanTest -->
  <testcase classname="org.reddotdigital.singleapp.tests.Test_EasyPlan" name="EasyPlanTest" time="0.026">
    <failure type="java.lang.NullPointerException">
      <![CDATA[java.lang.NullPointerException
at org.reddotdigital.singleapp.utils.AppiumUtils.getScreenshotPath(AppiumUtils.java:67)
at org.reddotdigital.singleapp.testUtils.Listeners.onTestFailure(Listeners.java:58)
at java.base/java.util.ArrayList.forEach(ArrayList.java:1541)
... Removed 24 stack frames]]>
    </failure>
  </testcase> <!-- EasyPlanTest -->
  <testcase classname="org.reddotdigital.singleapp.testUtils.AndroidBaseTest" name="@AfterSuite tearDown" time="0.0">
    <ignored/>
  </testcase> <!-- @AfterSuite tearDown -->
  <testcase classname="org.reddotdigital.singleapp.testUtils.AndroidBaseTest" name="@BeforeSuite ConfigureAppium" time="0.0">
    <ignored/>
  </testcase> <!-- @BeforeSuite ConfigureAppium -->
</testsuite> <!-- Features Test -->
