<?xml version="1.0" encoding="UTF-8"?>
<!-- Generated by org.testng.reporters.JUnitXMLReporter -->
<testsuite ignored="0" hostname="Almass-Mac-mini.local" failures="1" tests="1" name="Login Test" time="52.439" errors="0" timestamp="2024-10-18T00:20:49 BDT">
  <testcase classname="org.reddotdigital.singleapp.android.tests.Test_LoginPage" name="LoginTest" time="34.873">
    <failure type="java.lang.AssertionError" message="expected [QATest] but found [test34]">
      <![CDATA[java.lang.AssertionError: expected [QATest] but found [test34]
at org.reddotdigital.singleapp.android.tests.Test_LoginPage.LoginTest(Test_LoginPage.java:22)
at java.base/java.util.ArrayList.forEach(ArrayList.java:1511)
... Removed 32 stack frames]]>
    </failure>
  </testcase> <!-- LoginTest -->
</testsuite> <!-- Login Test -->
