<?xml version="1.0" encoding="UTF-8"?>
<!-- Generated by org.testng.reporters.JUnitXMLReporter -->
<testsuite ignored="0" hostname="Almass-Mac-mini.local" failures="0" tests="1" name="Profile Test" time="5.743" errors="0" timestamp="2024-10-18T00:11:37 BDT">
  <testcase classname="org.reddotdigital.singleapp.testUtils.AndroidBaseTest" name="@BeforeMethod ConfigureAppium" time="5.74">
    <failure type="io.appium.java_client.service.local.InvalidServerInstanceException" message="The main Appium script does not exist at &amp;apos;/Users/almashossain/Documents/Github/MyRobiApp/appium/build/lib/main.js&amp;apos;">
      <![CDATA[io.appium.java_client.service.local.InvalidServerInstanceException: The main Appium script does not exist at '/Users/almashossain/Documents/Github/MyRobiApp/appium/build/lib/main.js'
at io.appium.java_client.service.local.AppiumServiceBuilder.findMainScript(AppiumServiceBuilder.java:159)
at io.appium.java_client.service.local.AppiumServiceBuilder.loadPathToMainScript(AppiumServiceBuilder.java:304)
at io.appium.java_client.service.local.AppiumServiceBuilder.createArgs(AppiumServiceBuilder.java:360)
at io.appium.java_client.service.local.AppiumServiceBuilder.createArgs(AppiumServiceBuilder.java:57)
at org.openqa.selenium.remote.service.DriverService$Builder.build(DriverService.java:496)
at io.appium.java_client.service.local.AppiumDriverLocalService.buildService(AppiumDriverLocalService.java:92)
at io.appium.java_client.service.local.AppiumDriverLocalService.buildDefaultService(AppiumDriverLocalService.java:88)
at io.appium.java_client.AppiumDriver.<init>(AppiumDriver.java:137)
at io.appium.java_client.android.AndroidDriver.<init>(AndroidDriver.java:236)
at org.reddotdigital.singleapp.testUtils.AndroidBaseTest.ConfigureAppium(AndroidBaseTest.java:49)
at java.base/java.util.ArrayList.forEach(ArrayList.java:1511)
... Removed 31 stack frames]]>
    </failure>
  </testcase> <!-- @BeforeMethod ConfigureAppium -->
  <testcase classname="org.reddotdigital.singleapp.testUtils.AndroidBaseTest" name="@AfterMethod tearDown" time="-1.729188697032E9">
    <skipped/>
  </testcase> <!-- @AfterMethod tearDown -->
  <testcase classname="org.reddotdigital.singleapp.android.tests.Test_UserProfile" name="homeScreenTest" time="0.0">
    <skipped/>
  </testcase> <!-- homeScreenTest -->
</testsuite> <!-- Profile Test -->
